
Using parameters from /workspace/modeller/scwrl4//Scwrl4.ini

<Timing tag = "Loading_PDB_file"  duration = "0.003" />

Using rotamer library: /workspace/modeller/scwrl4/bbDepRotLib.bin

Residue A   1  is being treated as N-terminal

Residue A 225  is being treated as C-terminal

<Timing tag = "Adding_residues"  duration = "0.002" />

<Timing tag = "Creating_Default_Rotamers"  duration = "0.061" />

<Timing tag = "Building_Atoms_Sets"  duration = "0.010" />

<Timing tag = "Building_Flexible_Subrotamers"  duration = "0.009" />

<Timing tag = "Computing_Symmetry_Operators"  duration = "0.000" />

<Timing tag = "Updating_Self_Energies"  duration = "2.412" />

<Timing tag = "Computing_Active_Rotamers"  duration = "0.002" />

<Timing tag = "Resolving_Disulfide_Bonds"  duration = "0.000" />


Total number of subrotamer interactions = 3140252

<Timing tag = "Updating_Pairwise_Energies"  duration = "1.129" />

<Timing tag = "Normalizing_Atoms_Sets"  duration = "0.000" />

<Timing tag = "Computing_Interaction_Graph"  duration = "3.564" />
 

<Timing tag = "Building_Atoms_Sets"  duration = "0.005" />

<Timing tag = "Building_Flexible_Subrotamers"  duration = "0.006" />

<Timing tag = "Computing_Symmetry_Operators"  duration = "0.000" />

<Timing tag = "Updating_Self_Energies"  duration = "0.018" />

<Timing tag = "Computing_Active_Rotamers"  duration = "0.001" />

<Timing tag = "Resolving_Disulfide_Bonds"  duration = "0.000" />


Total number of subrotamer interactions = 0

<Timing tag = "Updating_Pairwise_Energies"  duration = "0.003" />

<Timing tag = "Normalizing_Atoms_Sets"  duration = "0.000" />


Running Goldstein's DEE (version G)
:::::::::::::::::::::::::::::::::::

Initial number of residues - 190
Initial number of rotamers - 2690

	541 redundant edges eliminated

	Isolated residues removed - 2 

round 1:
	74 redundant edges eliminated

	Isolated residues removed - 92 
	Rotamers eliminated  -  2172

round 2:
	12 redundant edges eliminated

	Isolated residues removed - 36 
	Rotamers eliminated  -  238

round 3:
	1 redundant edges eliminated

	Isolated residues removed - 7 
	Rotamers eliminated  -  37

round 4:
	0 redundant edges eliminated

	Isolated residues removed - 0 
	Rotamers eliminated  -  6

round 5:
	0 redundant edges eliminated

	Isolated residues removed - 0 
	Rotamers eliminated  -  0
Energy accumulated during DEE = 316.438
<Timing tag = "DEE"  duration = "0.011" />

Searching for clusters... 11 clusters found

Processing cluster of 6 vertices

Redundant nodes eliminated : 2
Tree-decomposition has been built. Width+1 = 2

Total combinations to search = 1.24e+2
   3        :   ->  180 169 181
   2(   3 ) :  181  ->  105
   1(   3 ) :  180  ->  171
   0(   3 ) :  169  ->  130

ArtPts =  0	MaxDegree =  3	MaxBag =  2	AvgBag = 2.25

===============================
Launching bottom-to-top process
Combinations:
	in intersections -  14
	in exclusions   -  63.2
	total to search  -  28

Maximal size of a key is 6 elements

Processing nodes ...
<Timing tag = "Bottom_To_Top"  duration = "0.001" />

<Trace tag = "Deciding_on_the_root_node" >

Number of combinations = 9.6e+1
<Timing tag = "Deciding_on_the_root_node"  duration = "0.000" />
</Trace>
<Trace tag = "Top_To_Bottom" >

<Timing tag = "Top_To_Bottom"  duration = "0.000" />
</Trace>
Energy of this cluster = 10.8237


Processing cluster of 4 vertices

Redundant nodes eliminated : 2
Tree-decomposition has been built. Width+1 = 2

Total combinations to search = 4.8e+1
   1        :   ->   39  62  40
   0(   1 ) :   39  62  ->   60

ArtPts =  0	MaxDegree =  1	MaxBag =  2	AvgBag = 3

===============================
Launching bottom-to-top process
Combinations:
	in intersections -  12
	in exclusions   -  23.2
	total to search  -  24

Maximal size of a key is 12 elements

Processing nodes .
<Timing tag = "Bottom_To_Top"  duration = "0.005" />

<Trace tag = "Deciding_on_the_root_node" >

Number of combinations = 2.4e+1
<Timing tag = "Deciding_on_the_root_node"  duration = "0.000" />
</Trace>
<Trace tag = "Top_To_Bottom" >

<Timing tag = "Top_To_Bottom"  duration = "0.000" />
</Trace>
Energy of this cluster = 8.27177


Processing cluster of 9 vertices

Redundant nodes eliminated : 3
Tree-decomposition has been built. Width+1 = 3

Total combinations to search = 6.52e+2
   5        :   ->  127 147 170 160
   4(   5 ) :  127 147 160  ->  148
   3(   4 ) :  148  ->  156
   2(   3 ) :  156  ->  152
   1(   2 ) :  156  ->  153
   0(   5 ) :  170  ->  129

ArtPts =  0	MaxDegree =  2	MaxBag =  3	AvgBag = 2.66667

===============================
Launching bottom-to-top process
Combinations:
	in intersections -  95
	in exclusions   -  153.2
	total to search  - 2.8e+02

Maximal size of a key is 75 elements

Processing nodes .....
<Timing tag = "Bottom_To_Top"  duration = "0.000" />

<Trace tag = "Deciding_on_the_root_node" >

Number of combinations = 3.75e+2
<Timing tag = "Deciding_on_the_root_node"  duration = "0.000" />
</Trace>
<Trace tag = "Top_To_Bottom" >

<Timing tag = "Top_To_Bottom"  duration = "0.000" />
</Trace>
Energy of this cluster = 49.2127


Processing cluster of 2 vertices

Redundant nodes eliminated : 1
Tree-decomposition has been built. Width+1 = 1

Total combinations to search = 6
   0        :   ->  149 126

ArtPts =  0	MaxDegree =  0	MaxBag =  1	AvgBag = 2

<Trace tag = "Deciding_on_the_root_node" >

Number of combinations = 6
<Timing tag = "Deciding_on_the_root_node"  duration = "0.000" />
</Trace>
<Trace tag = "Top_To_Bottom" >

<Timing tag = "Top_To_Bottom"  duration = "0.000" />
</Trace>
Energy of this cluster = 6.78212


Processing cluster of 4 vertices

Redundant nodes eliminated : 1
Tree-decomposition has been built. Width+1 = 1

Total combinations to search = 3.2e+1
   2        :   ->  118 116
   1(   2 ) :  116  ->  158
   0(   1 ) :  116  ->  102

ArtPts =  0	MaxDegree =  2	MaxBag =  1	AvgBag = 2

===============================
Launching bottom-to-top process
Combinations:
	in intersections -   8
	in exclusions   -  43.2
	total to search  -  16

Maximal size of a key is 4 elements

Processing nodes ..
<Timing tag = "Bottom_To_Top"  duration = "0.000" />

<Trace tag = "Deciding_on_the_root_node" >

Number of combinations = 1.6e+1
<Timing tag = "Deciding_on_the_root_node"  duration = "0.000" />
</Trace>
<Trace tag = "Top_To_Bottom" >

<Timing tag = "Top_To_Bottom"  duration = "0.000" />
</Trace>
Energy of this cluster = 13.5146


Processing cluster of 14 vertices

Redundant nodes eliminated : 6
Tree-decomposition has been built. Width+1 = 6

Total combinations to search = 6.20923e+5
   7        :   ->   55  75  66  64  44  32  50
   6(   7 ) :   55  66  64  44  50  ->   57
   5(   7 ) :   55  75  66  32  50  ->   72
   4(   5 ) :   55  75  66  72  50  ->   46
   3(   5 ) :   75  66  72  32  ->   89
   2(   4 ) :   55  46  50  ->   54
   1(   4 ) :   55  72  ->   71
   0(   2 ) :   46  ->   47

ArtPts =  0	MaxDegree =  3	MaxBag =  6	AvgBag = 4.875

===============================
Launching bottom-to-top process
Combinations:
	in intersections - 4.5e+04
	in exclusions   -  333.2
	total to search  - 3.8e+05

Maximal size of a key is 24570 elements

Processing nodes (2 threads involved).......
<Timing tag = "Bottom_To_Top"  duration = "0.041" />

<Trace tag = "Deciding_on_the_root_node" >

Number of combinations = 2.457e+5
<Timing tag = "Deciding_on_the_root_node"  duration = "0.046" />
</Trace>
<Trace tag = "Top_To_Bottom" >

<Timing tag = "Top_To_Bottom"  duration = "0.000" />
</Trace>
Energy of this cluster = 44.564


Processing cluster of 2 vertices

Redundant nodes eliminated : 1
Tree-decomposition has been built. Width+1 = 1

Total combinations to search = 2.4e+1
   0        :   ->   36  13

ArtPts =  0	MaxDegree =  0	MaxBag =  1	AvgBag = 2

<Trace tag = "Deciding_on_the_root_node" >

Number of combinations = 2.4e+1
<Timing tag = "Deciding_on_the_root_node"  duration = "0.000" />
</Trace>
<Trace tag = "Top_To_Bottom" >

<Timing tag = "Top_To_Bottom"  duration = "0.000" />
</Trace>
Energy of this cluster = 11.1313


Processing cluster of 4 vertices

Redundant nodes eliminated : 3
Tree-decomposition has been built. Width+1 = 3

Total combinations to search = 1.2e+2
   0        :   ->  186 190 109 166

ArtPts =  0	MaxDegree =  0	MaxBag =  3	AvgBag = 4

<Trace tag = "Deciding_on_the_root_node" >

Number of combinations = 1.2e+2
<Timing tag = "Deciding_on_the_root_node"  duration = "0.000" />
</Trace>
<Trace tag = "Top_To_Bottom" >

<Timing tag = "Top_To_Bottom"  duration = "0.000" />
</Trace>
Energy of this cluster = 18.7825


Processing cluster of 3 vertices

Redundant nodes eliminated : 2
Tree-decomposition has been built. Width+1 = 2

Total combinations to search = 2.16e+2
   0        :   ->  161 111 113

ArtPts =  0	MaxDegree =  0	MaxBag =  2	AvgBag = 3

<Trace tag = "Deciding_on_the_root_node" >

Number of combinations = 2.16e+2
<Timing tag = "Deciding_on_the_root_node"  duration = "0.000" />
</Trace>
<Trace tag = "Top_To_Bottom" >

<Timing tag = "Top_To_Bottom"  duration = "0.000" />
</Trace>
Energy of this cluster = 14.7793


Processing cluster of 2 vertices

Redundant nodes eliminated : 1
Tree-decomposition has been built. Width+1 = 1

Total combinations to search = 6
   0        :   ->   86  76

ArtPts =  0	MaxDegree =  0	MaxBag =  1	AvgBag = 2

<Trace tag = "Deciding_on_the_root_node" >

Number of combinations = 6
<Timing tag = "Deciding_on_the_root_node"  duration = "0.000" />
</Trace>
<Trace tag = "Top_To_Bottom" >

<Timing tag = "Top_To_Bottom"  duration = "0.000" />
</Trace>
Energy of this cluster = 0.976523


Processing cluster of 3 vertices

Redundant nodes eliminated : 2
Tree-decomposition has been built. Width+1 = 2

Total combinations to search = 2.4e+1
   0        :   ->   78  43  77

ArtPts =  0	MaxDegree =  0	MaxBag =  2	AvgBag = 3

<Trace tag = "Deciding_on_the_root_node" >

Number of combinations = 2.4e+1
<Timing tag = "Deciding_on_the_root_node"  duration = "0.000" />
</Trace>
<Trace tag = "Top_To_Bottom" >

<Timing tag = "Top_To_Bottom"  duration = "0.000" />
</Trace>
Energy of this cluster = 10.7113


Total minimal energy of the graph = 505.988

Warning: Cumulative energy mismatch (perhaps due to edge decompositions) = 0.0235

<Timing tag = "Combinatorial_Search"  duration = "0.108" />

<Timing tag = "Deriving_Optimum"  duration = "0.141" />

<Timing tag = "Saving_to_PDB_file"  duration = "0.005" />


Deleting workspace.

<Timing tag = "Scwrl4_Execution"  duration = "3.795" />

