host: bb597534e5c4
Building DAG of jobs...
Using shell: /usr/bin/bash
Provided cores: 96
Rules claiming more threads will be scaled down.
Provided resources: gpu=2
Job stats:
job                         count
------------------------  -------
all                             1
run_alphafold_prediction        2
run_modeller                    2
total                           5

Select jobs to execute...
Execute 1 jobs...

[Sat Dec 14 11:50:32 2024]
localrule run_alphafold_prediction:
    input: input/rcsb_pdb_1FQ9.fasta, localcolabfold/colabfold-conda/bin/colabfold_batch
    output: colab_fold_output/rcsb_pdb_1FQ9/log.txt
    jobid: 5
    reason: Missing output files: colab_fold_output/rcsb_pdb_1FQ9/log.txt
    wildcards: SAMPLE_NAME=rcsb_pdb_1FQ9
    resources: tmpdir=/tmp, gpu=2

[Sat Dec 14 12:05:10 2024]
Finished job 5.
1 of 5 steps (20%) done
Select jobs to execute...
Execute 1 jobs...

[Sat Dec 14 12:05:10 2024]
localrule run_modeller:
    input: colab_fold_output/rcsb_pdb_1FQ9/log.txt, input/rcsb_pdb_1FQ9.fasta
    output: modeller/rcsb_pdb_1FQ9.fasta_processed.success
    jobid: 4
    reason: Missing output files: modeller/rcsb_pdb_1FQ9.fasta_processed.success; Input files updated by another job: colab_fold_output/rcsb_pdb_1FQ9/log.txt
    wildcards: SAMPLE_NAME=rcsb_pdb_1FQ9
    resources: tmpdir=/tmp, gpu=2

[Sat Dec 14 12:08:02 2024]
Finished job 4.
2 of 5 steps (40%) done
Select jobs to execute...
Execute 1 jobs...

[Sat Dec 14 12:08:02 2024]
localrule run_alphafold_prediction:
    input: input/rcsb_pdb_6DXR.fasta, localcolabfold/colabfold-conda/bin/colabfold_batch
    output: colab_fold_output/rcsb_pdb_6DXR/log.txt
    jobid: 2
    reason: Missing output files: colab_fold_output/rcsb_pdb_6DXR/log.txt
    wildcards: SAMPLE_NAME=rcsb_pdb_6DXR
    resources: tmpdir=/tmp, gpu=2

[Sat Dec 14 12:12:35 2024]
Finished job 2.
3 of 5 steps (60%) done
Select jobs to execute...
Execute 1 jobs...

[Sat Dec 14 12:12:35 2024]
localrule run_modeller:
    input: colab_fold_output/rcsb_pdb_6DXR/log.txt, input/rcsb_pdb_6DXR.fasta
    output: modeller/rcsb_pdb_6DXR.fasta_processed.success
    jobid: 1
    reason: Missing output files: modeller/rcsb_pdb_6DXR.fasta_processed.success; Input files updated by another job: colab_fold_output/rcsb_pdb_6DXR/log.txt
    wildcards: SAMPLE_NAME=rcsb_pdb_6DXR
    resources: tmpdir=/tmp, gpu=2

[Sat Dec 14 12:13:20 2024]
Finished job 1.
4 of 5 steps (80%) done
Select jobs to execute...
Execute 1 jobs...

[Sat Dec 14 12:13:20 2024]
localrule all:
    input: modeller/rcsb_pdb_6DXR.fasta_processed.success, modeller/rcsb_pdb_1FQ9.fasta_processed.success
    jobid: 0
    reason: Input files updated by another job: modeller/rcsb_pdb_1FQ9.fasta_processed.success, modeller/rcsb_pdb_6DXR.fasta_processed.success
    resources: tmpdir=/tmp

[Sat Dec 14 12:13:20 2024]
Finished job 0.
5 of 5 steps (100%) done
Complete log: .snakemake/log/2024-12-14T115032.273108.snakemake.log
